[0525/121800.676:ERROR:process_info.cc(329)] VirtualQueryEx: Access is denied. (0x5)
[0525/121800.681:ERROR:process_info.cc(556)] ReadMemoryInfo failed
[0525/121800.681:ERROR:process_memory_win.cc(39)] Failed to initialize ProcessInfo.
[0525/121800.681:ERROR:scoped_process_suspend.cc(40)] NtResumeProcess: An attempt was made to access an exiting process. (0xc000010a)
[0530/193107.624:ERROR:process_reader_win.cc(123)] NtOpenThread: {Access Denied} A process has requested access to an object, but has not been granted those access rights. (0xc0000022)
[0530/193107.624:ERROR:process_reader_win.cc(123)] NtOpenThread: {Access Denied} A process has requested access to an object, but has not been granted those access rights. (0xc0000022)
[0530/193107.674:ERROR:exception_snapshot_win.cc(98)] thread ID 14272 not found in process
[0530/193107.675:ERROR:exception_snapshot_win.cc(98)] thread ID 9172 not found in process
[0601/222827.870:ERROR:process_info.cc(329)] VirtualQueryEx: Access is denied. (0x5)
[0601/222827.913:ERROR:process_info.cc(556)] ReadMemoryInfo failed
[0601/222827.913:ERROR:process_memory_win.cc(39)] Failed to initialize ProcessInfo.
[0601/222827.914:ERROR:scoped_process_suspend.cc(40)] NtResumeProcess: An attempt was made to access an exiting process. (0xc000010a)
[0601/223457.108:ERROR:process_reader_win.cc(151)] SuspendThread: Access is denied. (0x5)
[0601/223457.112:ERROR:process_reader_win.cc(151)] SuspendThread: Access is denied. (0x5)
[0601/223457.113:ERROR:process_reader_win.cc(151)] SuspendThread: Access is denied. (0x5)
[0601/223457.113:ERROR:process_reader_win.cc(151)] SuspendThread: Access is denied. (0x5)
[0601/223457.113:ERROR:process_reader_win.cc(151)] SuspendThread: Access is denied. (0x5)
[0601/223457.113:ERROR:process_reader_win.cc(151)] SuspendThread: Access is denied. (0x5)
[0601/223457.113:ERROR:process_reader_win.cc(151)] SuspendThread: Access is denied. (0x5)
[0601/223457.113:ERROR:process_reader_win.cc(151)] SuspendThread: Access is denied. (0x5)
[0601/223457.113:ERROR:process_reader_win.cc(151)] SuspendThread: Access is denied. (0x5)
[0601/223457.113:ERROR:process_reader_win.cc(151)] SuspendThread: Access is denied. (0x5)
[0601/223457.113:ERROR:process_reader_win.cc(151)] SuspendThread: Access is denied. (0x5)
[0601/223457.113:ERROR:process_reader_win.cc(151)] SuspendThread: Access is denied. (0x5)
[0601/223457.113:ERROR:process_reader_win.cc(151)] SuspendThread: Access is denied. (0x5)
[0601/223457.113:ERROR:process_reader_win.cc(151)] SuspendThread: Access is denied. (0x5)
[0601/223457.114:ERROR:process_reader_win.cc(151)] SuspendThread: Access is denied. (0x5)
[0601/223457.114:ERROR:process_reader_win.cc(151)] SuspendThread: Access is denied. (0x5)
[0601/223457.114:ERROR:exception_snapshot_win.cc(98)] thread ID 4896 not found in process
[0603/180310.656:ERROR:process_info.cc(118)] ReadProcessMemory bool __cdecl crashpad::(anonymous namespace)::ReadStruct(HANDLE, crashpad::WinVMAddress, T *) [T = crashpad::process_types::PEB<crashpad::process_types::internal::Traits64>]: Only part of a ReadProcessMemory or WriteProcessMemory request was completed. (0x12B)
[0603/180310.688:ERROR:process_info.cc(551)] ReadProcessData failed
[0603/180310.688:ERROR:scoped_process_suspend.cc(40)] NtResumeProcess: An attempt was made to access an exiting process. (0xc000010a)
[0603/223231.803:ERROR:process_info.cc(329)] VirtualQueryEx: Access is denied. (0x5)
[0603/223231.812:ERROR:process_info.cc(556)] ReadMemoryInfo failed
[0603/223231.812:ERROR:scoped_process_suspend.cc(40)] NtResumeProcess: An attempt was made to access an exiting process. (0xc000010a)
